0 info it worked if it ends with ok
1 verbose cli [ '/home/bararan/node-v6.10.0-linux-x64/bin/node',
1 verbose cli   '/home/bararan/node-v6.10.0-linux-x64/bin/npm',
1 verbose cli   'publish' ]
2 info using npm@3.10.10
3 info using node@v6.10.0
4 verbose publish [ '.' ]
5 silly cache add args [ '.', null ]
6 verbose cache add spec .
7 silly cache add parsed spec Result {
7 silly cache add   raw: '.',
7 silly cache add   scope: null,
7 silly cache add   escapedName: null,
7 silly cache add   name: null,
7 silly cache add   rawSpec: '.',
7 silly cache add   spec: '/home/bararan/JS/fCC_projects/timestamp',
7 silly cache add   type: 'directory' }
8 verbose addLocalDirectory /home/bararan/.npm/timestamp/1.0.0/package.tgz not in flight; packing
9 verbose correctMkdir /home/bararan/.npm correctMkdir not in flight; initializing
10 info lifecycle timestamp@1.0.0~prepublish: timestamp@1.0.0
11 silly lifecycle timestamp@1.0.0~prepublish: no script for prepublish, continuing
12 verbose tar pack [ '/home/bararan/.npm/timestamp/1.0.0/package.tgz',
12 verbose tar pack   '/home/bararan/JS/fCC_projects/timestamp' ]
13 verbose tarball /home/bararan/.npm/timestamp/1.0.0/package.tgz
14 verbose folder /home/bararan/JS/fCC_projects/timestamp
15 verbose addLocalTarball adding from inside cache /home/bararan/.npm/timestamp/1.0.0/package.tgz
16 verbose correctMkdir /home/bararan/.npm correctMkdir not in flight; initializing
17 silly cache afterAdd timestamp@1.0.0
18 verbose afterAdd /home/bararan/.npm/timestamp/1.0.0/package/package.json not in flight; writing
19 verbose correctMkdir /home/bararan/.npm correctMkdir not in flight; initializing
20 verbose afterAdd /home/bararan/.npm/timestamp/1.0.0/package/package.json written
21 silly publish { name: 'timestamp',
21 silly publish   version: '1.0.0',
21 silly publish   description: 'timestamp microservice app',
21 silly publish   main: 'index.js',
21 silly publish   scripts:
21 silly publish    { test: 'echo "Error: no test specified" && exit 1',
21 silly publish      start: 'node server.js' },
21 silly publish   author: { name: 'bararan' },
21 silly publish   license: 'ISC',
21 silly publish   dependencies: { express: '^4.15.2' },
21 silly publish   repository:
21 silly publish    { type: 'git',
21 silly publish      url: 'git+https://github.com/bararan/timestamp.git' },
21 silly publish   readme: 'This is a timestamp microservice.\n\nUsage is rather straightforward and instructions can be found on the main page of the app.\n',
21 silly publish   readmeFilename: 'README.md',
21 silly publish   gitHead: '7df0793c4aa733a70c6249249162ce72e0b20c98',
21 silly publish   bugs: { url: 'https://github.com/bararan/timestamp/issues' },
21 silly publish   homepage: 'https://github.com/bararan/timestamp#readme',
21 silly publish   _id: 'timestamp@1.0.0',
21 silly publish   _shasum: '68e08ffbe79ddd6e707c6e9193849de9f50030e0',
21 silly publish   _from: '.' }
22 verbose getPublishConfig undefined
23 silly mapToRegistry name timestamp
24 silly mapToRegistry using default registry
25 silly mapToRegistry registry https://registry.npmjs.org/
26 silly mapToRegistry data Result {
26 silly mapToRegistry   raw: 'timestamp',
26 silly mapToRegistry   scope: null,
26 silly mapToRegistry   escapedName: 'timestamp',
26 silly mapToRegistry   name: 'timestamp',
26 silly mapToRegistry   rawSpec: '',
26 silly mapToRegistry   spec: 'latest',
26 silly mapToRegistry   type: 'tag' }
27 silly mapToRegistry uri https://registry.npmjs.org/timestamp
28 verbose publish registryBase https://registry.npmjs.org/
29 silly publish uploading /home/bararan/.npm/timestamp/1.0.0/package.tgz
30 verbose request uri https://registry.npmjs.org/timestamp
31 verbose request sending authorization for write operation
32 info attempt registry request try #1 at 9:38:11 PM
33 verbose request using bearer token for auth
34 verbose request id fa2df13c5f441ca5
35 http request PUT https://registry.npmjs.org/timestamp
36 http 403 https://registry.npmjs.org/timestamp
37 verbose headers { 'content-type': 'application/json',
37 verbose headers   'cache-control': 'max-age=300',
37 verbose headers   'content-length': '103',
37 verbose headers   'accept-ranges': 'bytes',
37 verbose headers   date: 'Tue, 18 Apr 2017 01:38:11 GMT',
37 verbose headers   via: '1.1 varnish',
37 verbose headers   connection: 'keep-alive',
37 verbose headers   'x-served-by': 'cache-bos8224-BOS',
37 verbose headers   'x-cache': 'MISS',
37 verbose headers   'x-cache-hits': '0',
37 verbose headers   'x-timer': 'S1492479491.411193,VS0,VE327',
37 verbose headers   vary: 'Accept-Encoding' }
38 verbose request invalidating /home/bararan/.npm/registry.npmjs.org/timestamp on PUT
39 error publish Failed PUT 403
40 verbose stack Error: you do not have permission to publish "timestamp". Are you logged in as the correct user? : timestamp
40 verbose stack     at makeError (/home/bararan/node-v6.10.0-linux-x64/lib/node_modules/npm/node_modules/npm-registry-client/lib/request.js:302:12)
40 verbose stack     at CachingRegistryClient.<anonymous> (/home/bararan/node-v6.10.0-linux-x64/lib/node_modules/npm/node_modules/npm-registry-client/lib/request.js:290:14)
40 verbose stack     at Request._callback (/home/bararan/node-v6.10.0-linux-x64/lib/node_modules/npm/node_modules/npm-registry-client/lib/request.js:210:14)
40 verbose stack     at Request.self.callback (/home/bararan/node-v6.10.0-linux-x64/lib/node_modules/npm/node_modules/request/request.js:187:22)
40 verbose stack     at emitTwo (events.js:106:13)
40 verbose stack     at Request.emit (events.js:191:7)
40 verbose stack     at Request.<anonymous> (/home/bararan/node-v6.10.0-linux-x64/lib/node_modules/npm/node_modules/request/request.js:1048:10)
40 verbose stack     at emitOne (events.js:96:13)
40 verbose stack     at Request.emit (events.js:188:7)
40 verbose stack     at IncomingMessage.<anonymous> (/home/bararan/node-v6.10.0-linux-x64/lib/node_modules/npm/node_modules/request/request.js:969:12)
41 verbose statusCode 403
42 verbose pkgid timestamp
43 verbose cwd /home/bararan/JS/fCC_projects/timestamp
44 error Linux 4.4.0-45-generic
45 error argv "/home/bararan/node-v6.10.0-linux-x64/bin/node" "/home/bararan/node-v6.10.0-linux-x64/bin/npm" "publish"
46 error node v6.10.0
47 error npm  v3.10.10
48 error code E403
49 error you do not have permission to publish "timestamp". Are you logged in as the correct user? : timestamp
50 error If you need help, you may report this error at:
50 error     <https://github.com/npm/npm/issues>
51 verbose exit [ 1, true ]
